<?xml version="1.0" encoding="UTF-8"?>
<robot generator="Robot 6.0.2 (Python 3.8.3 on darwin)" generated="20230506 22:56:18.064" rpa="false" schemaversion="3">
<suite id="s1" name="Tests" source="/Users/supratiksarkar/Desktop/Prod/py2puml/tests">
<suite id="s1-s1" name="Test Global" source="/Users/supratiksarkar/Desktop/Prod/py2puml/tests/test_global.robot">
<test id="s1-s1-t1" name="Valid input and model name" line="6">
<kw name="Run Process" library="Process">
<var>${output}</var>
<arg>py2puml</arg>
<arg>myapp</arg>
<arg>myapp</arg>
<doc>Runs a process and waits for it to complete.</doc>
<msg timestamp="20230506 22:56:18.105" level="INFO">Starting process:
py2puml myapp myapp</msg>
<msg timestamp="20230506 22:56:18.110" level="INFO">Waiting for process to complete.</msg>
<msg timestamp="20230506 22:56:18.204" level="INFO">Process completed.</msg>
<msg timestamp="20230506 22:56:18.204" level="INFO">${output} = &lt;result object with rc 0&gt;</msg>
<status status="PASS" starttime="20230506 22:56:18.104" endtime="20230506 22:56:18.205"/>
</kw>
<kw name="Should Contain" library="BuiltIn">
<arg>${output.stdout}</arg>
<arg>my_model</arg>
<doc>Fails if ``container`` does not contain ``item`` one or more times.</doc>
<msg timestamp="20230506 22:56:18.206" level="FAIL">'@startuml myapp
footer Generated by //py2puml//
@enduml
' does not contain 'my_model'</msg>
<status status="FAIL" starttime="20230506 22:56:18.205" endtime="20230506 22:56:18.206"/>
</kw>
<doc>Test that py2puml generates a valid output for a valid input and model name</doc>
<status status="FAIL" starttime="20230506 22:56:18.103" endtime="20230506 22:56:18.207">'@startuml myapp
footer Generated by //py2puml//
@enduml
' does not contain 'my_model'</status>
</test>
<test id="s1-s1-t2" name="Invalid input and model name" line="11">
<kw name="Run Process" library="Process">
<var>${output}</var>
<arg>py2puml</arg>
<arg>invalid_input</arg>
<arg>invalid_model</arg>
<doc>Runs a process and waits for it to complete.</doc>
<msg timestamp="20230506 22:56:18.209" level="INFO">Starting process:
py2puml invalid_input invalid_model</msg>
<msg timestamp="20230506 22:56:18.218" level="INFO">Waiting for process to complete.</msg>
<msg timestamp="20230506 22:56:18.297" level="INFO">Process completed.</msg>
<msg timestamp="20230506 22:56:18.297" level="INFO">${output} = &lt;result object with rc 0&gt;</msg>
<status status="PASS" starttime="20230506 22:56:18.208" endtime="20230506 22:56:18.297"/>
</kw>
<kw name="Should Be Equal" library="BuiltIn">
<arg>${output.returncode}</arg>
<arg>1</arg>
<doc>Fails if the given objects are unequal.</doc>
<msg timestamp="20230506 22:56:18.298" level="FAIL">Resolving variable '${output.returncode}' failed: AttributeError: 'ExecutionResult' object has no attribute 'returncode'</msg>
<status status="FAIL" starttime="20230506 22:56:18.297" endtime="20230506 22:56:18.298"/>
</kw>
<doc>Test that py2puml returns an error for an invalid input or model name</doc>
<status status="FAIL" starttime="20230506 22:56:18.207" endtime="20230506 22:56:18.299">Resolving variable '${output.returncode}' failed: AttributeError: 'ExecutionResult' object has no attribute 'returncode'</status>
</test>
<doc>py2puml functional tests</doc>
<status status="FAIL" starttime="20230506 22:56:18.095" endtime="20230506 22:56:18.300"/>
</suite>
<status status="FAIL" starttime="20230506 22:56:18.070" endtime="20230506 22:56:18.300"/>
</suite>
<statistics>
<total>
<stat pass="0" fail="2" skip="0">All Tests</stat>
</total>
<tag>
</tag>
<suite>
<stat pass="0" fail="2" skip="0" id="s1" name="Tests">Tests</stat>
<stat pass="0" fail="2" skip="0" id="s1-s1" name="Test Global">Tests.Test Global</stat>
</suite>
</statistics>
<errors>
</errors>
</robot>
